<?xml version="1.0" encoding="UTF-8"?>
<testsuite name="cloud.cnctr.cnctrcloud.CnctrcloudApplicationTests" tests="1" skipped="0" failures="0" errors="0" timestamp="2021-12-14T22:26:29" hostname="M1-MacBook-Pro.local" time="0.157">
  <properties/>
  <testcase name="contextLoads()" classname="cloud.cnctr.cnctrcloud.CnctrcloudApplicationTests" time="0.157"/>
  <system-out><![CDATA[17:26:28.448 [Test worker] DEBUG org.springframework.test.context.BootstrapUtils - Instantiating CacheAwareContextLoaderDelegate from class [org.springframework.test.context.cache.DefaultCacheAwareContextLoaderDelegate]
17:26:28.453 [Test worker] DEBUG org.springframework.test.context.BootstrapUtils - Instantiating BootstrapContext using constructor [public org.springframework.test.context.support.DefaultBootstrapContext(java.lang.Class,org.springframework.test.context.CacheAwareContextLoaderDelegate)]
17:26:28.468 [Test worker] DEBUG org.springframework.test.context.BootstrapUtils - Instantiating TestContextBootstrapper for test class [cloud.cnctr.cnctrcloud.CnctrcloudApplicationTests] from class [org.springframework.boot.test.context.SpringBootTestContextBootstrapper]
17:26:28.474 [Test worker] INFO org.springframework.boot.test.context.SpringBootTestContextBootstrapper - Neither @ContextConfiguration nor @ContextHierarchy found for test class [cloud.cnctr.cnctrcloud.CnctrcloudApplicationTests], using SpringBootContextLoader
17:26:28.476 [Test worker] DEBUG org.springframework.test.context.support.AbstractContextLoader - Did not detect default resource location for test class [cloud.cnctr.cnctrcloud.CnctrcloudApplicationTests]: class path resource [cloud/cnctr/cnctrcloud/CnctrcloudApplicationTests-context.xml] does not exist
17:26:28.476 [Test worker] DEBUG org.springframework.test.context.support.AbstractContextLoader - Did not detect default resource location for test class [cloud.cnctr.cnctrcloud.CnctrcloudApplicationTests]: class path resource [cloud/cnctr/cnctrcloud/CnctrcloudApplicationTestsContext.groovy] does not exist
17:26:28.476 [Test worker] INFO org.springframework.test.context.support.AbstractContextLoader - Could not detect default resource locations for test class [cloud.cnctr.cnctrcloud.CnctrcloudApplicationTests]: no resource found for suffixes {-context.xml, Context.groovy}.
17:26:28.476 [Test worker] INFO org.springframework.test.context.support.AnnotationConfigContextLoaderUtils - Could not detect default configuration classes for test class [cloud.cnctr.cnctrcloud.CnctrcloudApplicationTests]: CnctrcloudApplicationTests does not declare any static, non-private, non-final, nested classes annotated with @Configuration.
17:26:28.492 [Test worker] DEBUG org.springframework.test.context.support.ActiveProfilesUtils - Could not find an 'annotation declaring class' for annotation type [org.springframework.test.context.ActiveProfiles] and class [cloud.cnctr.cnctrcloud.CnctrcloudApplicationTests]
17:26:28.519 [Test worker] DEBUG org.springframework.context.annotation.ClassPathScanningCandidateComponentProvider - Identified candidate component class: file [/Users/coder/repos/arunabhdas/githubrepos/cnctr-cloud/cnctr-cloud/cnctrcloud/build/classes/kotlin/main/cloud/cnctr/cnctrcloud/CnctrcloudApplication.class]
17:26:28.524 [Test worker] INFO org.springframework.boot.test.context.SpringBootTestContextBootstrapper - Found @SpringBootConfiguration cloud.cnctr.cnctrcloud.CnctrcloudApplication for test class cloud.cnctr.cnctrcloud.CnctrcloudApplicationTests
17:26:28.560 [Test worker] DEBUG org.springframework.boot.test.context.SpringBootTestContextBootstrapper - @TestExecutionListeners is not present for class [cloud.cnctr.cnctrcloud.CnctrcloudApplicationTests]: using defaults.
17:26:28.560 [Test worker] INFO org.springframework.boot.test.context.SpringBootTestContextBootstrapper - Loaded default TestExecutionListener class names from location [META-INF/spring.factories]: [org.springframework.boot.test.autoconfigure.restdocs.RestDocsTestExecutionListener, org.springframework.boot.test.autoconfigure.web.client.MockRestServiceServerResetTestExecutionListener, org.springframework.boot.test.autoconfigure.web.servlet.MockMvcPrintOnlyOnFailureTestExecutionListener, org.springframework.boot.test.autoconfigure.web.servlet.WebDriverTestExecutionListener, org.springframework.boot.test.autoconfigure.webservices.client.MockWebServiceServerTestExecutionListener, org.springframework.boot.test.mock.mockito.MockitoTestExecutionListener, org.springframework.boot.test.mock.mockito.ResetMocksTestExecutionListener, org.springframework.test.context.web.ServletTestExecutionListener, org.springframework.test.context.support.DirtiesContextBeforeModesTestExecutionListener, org.springframework.test.context.event.ApplicationEventsTestExecutionListener, org.springframework.test.context.support.DependencyInjectionTestExecutionListener, org.springframework.test.context.support.DirtiesContextTestExecutionListener, org.springframework.test.context.transaction.TransactionalTestExecutionListener, org.springframework.test.context.jdbc.SqlScriptsTestExecutionListener, org.springframework.test.context.event.EventPublishingTestExecutionListener]
17:26:28.566 [Test worker] DEBUG org.springframework.boot.test.context.SpringBootTestContextBootstrapper - Skipping candidate TestExecutionListener [org.springframework.test.context.transaction.TransactionalTestExecutionListener] due to a missing dependency. Specify custom listener classes or make the default listener classes and their required dependencies available. Offending class: [org/springframework/transaction/interceptor/TransactionAttributeSource]
17:26:28.566 [Test worker] DEBUG org.springframework.boot.test.context.SpringBootTestContextBootstrapper - Skipping candidate TestExecutionListener [org.springframework.test.context.jdbc.SqlScriptsTestExecutionListener] due to a missing dependency. Specify custom listener classes or make the default listener classes and their required dependencies available. Offending class: [org/springframework/transaction/interceptor/TransactionAttribute]
17:26:28.566 [Test worker] INFO org.springframework.boot.test.context.SpringBootTestContextBootstrapper - Using TestExecutionListeners: [org.springframework.test.context.web.ServletTestExecutionListener@75f5fd58, org.springframework.test.context.support.DirtiesContextBeforeModesTestExecutionListener@37b70343, org.springframework.test.context.event.ApplicationEventsTestExecutionListener@306851c7, org.springframework.boot.test.mock.mockito.MockitoTestExecutionListener@12bcd0c0, org.springframework.boot.test.autoconfigure.SpringBootDependencyInjectionTestExecutionListener@4879f0f2, org.springframework.test.context.support.DirtiesContextTestExecutionListener@47db5fa5, org.springframework.test.context.event.EventPublishingTestExecutionListener@354fc8f0, org.springframework.boot.test.autoconfigure.restdocs.RestDocsTestExecutionListener@41813449, org.springframework.boot.test.autoconfigure.web.client.MockRestServiceServerResetTestExecutionListener@4678a2eb, org.springframework.boot.test.autoconfigure.web.servlet.MockMvcPrintOnlyOnFailureTestExecutionListener@5b43fbf6, org.springframework.boot.test.autoconfigure.web.servlet.WebDriverTestExecutionListener@1080b026, org.springframework.boot.test.autoconfigure.webservices.client.MockWebServiceServerTestExecutionListener@58ebfd03, org.springframework.boot.test.mock.mockito.ResetMocksTestExecutionListener@5b07730f]
17:26:28.568 [Test worker] DEBUG org.springframework.test.context.support.AbstractDirtiesContextTestExecutionListener - Before test class: context [DefaultTestContext@4bef0fe3 testClass = CnctrcloudApplicationTests, testInstance = [null], testMethod = [null], testException = [null], mergedContextConfiguration = [WebMergedContextConfiguration@62ea3440 testClass = CnctrcloudApplicationTests, locations = '{}', classes = '{class cloud.cnctr.cnctrcloud.CnctrcloudApplication}', contextInitializerClasses = '[]', activeProfiles = '{}', propertySourceLocations = '{}', propertySourceProperties = '{org.springframework.boot.test.context.SpringBootTestContextBootstrapper=true}', contextCustomizers = set[org.springframework.boot.test.autoconfigure.actuate.metrics.MetricsExportContextCustomizerFactory$DisableMetricExportContextCustomizer@1838ccb8, org.springframework.boot.test.autoconfigure.properties.PropertyMappingContextCustomizer@0, org.springframework.boot.test.autoconfigure.web.servlet.WebDriverContextCustomizerFactory$Customizer@6bc407fd, org.springframework.boot.test.context.filter.ExcludeFilterContextCustomizer@5ef5c734, org.springframework.boot.test.json.DuplicateJsonObjectContextCustomizerFactory$DuplicateJsonObjectContextCustomizer@4671115f, org.springframework.boot.test.mock.mockito.MockitoContextCustomizer@0, org.springframework.boot.test.web.client.TestRestTemplateContextCustomizer@54504ecd, org.springframework.boot.test.context.SpringBootTestArgs@1, org.springframework.boot.test.context.SpringBootTestWebEnvironment@3c3d9b6b], resourceBasePath = 'src/main/webapp', contextLoader = 'org.springframework.boot.test.context.SpringBootContextLoader', parent = [null]], attributes = map['org.springframework.test.context.web.ServletTestExecutionListener.activateListener' -> true]], class annotated with @DirtiesContext [false] with mode [null].
17:26:28.587 [Test worker] DEBUG org.springframework.boot.ApplicationServletEnvironment - Activating profiles []
17:26:28.588 [Test worker] DEBUG org.springframework.test.context.support.TestPropertySourceUtils - Adding inlined properties to environment: {spring.jmx.enabled=false, org.springframework.boot.test.context.SpringBootTestContextBootstrapper=true}

  .   ____          _            __ _ _
 /\\ / ___'_ __ _ _(_)_ __  __ _ \ \ \ \
( ( )\___ | '_ | '_| | '_ \/ _` | \ \ \ \
 \\/  ___)| |_)| | | | | || (_| |  ) ) ) )
  '  |____| .__|_| |_|_| |_\__, | / / / /
 =========|_|==============|___/=/_/_/_/
 :: Spring Boot ::       (v2.6.2-SNAPSHOT)

2021-12-14 17:26:28.688  INFO 71637 --- [    Test worker] c.c.c.CnctrcloudApplicationTests         : Starting CnctrcloudApplicationTests using Java 17.0.1 on M1-MacBook-Pro.local with PID 71637 (started by coder in /Users/coder/repos/arunabhdas/githubrepos/cnctr-cloud/cnctr-cloud/cnctrcloud)
2021-12-14 17:26:28.689  INFO 71637 --- [    Test worker] c.c.c.CnctrcloudApplicationTests         : No active profile set, falling back to default profiles: default
2021-12-14 17:26:29.206  INFO 71637 --- [    Test worker] o.s.b.a.w.s.WelcomePageHandlerMapping    : Adding welcome page: class path resource [static/index.html]
2021-12-14 17:26:29.274  INFO 71637 --- [    Test worker] c.c.c.CnctrcloudApplicationTests         : Started CnctrcloudApplicationTests in 0.685 seconds (JVM running for 1.151)
]]></system-out>
  <system-err><![CDATA[]]></system-err>
</testsuite>
